c:\users\tron2\documents\github\controles-c---clr--winforms\project1\proyecto_ejemplo_login_cpp_mysql\x64\debug\vc143.pdb
c:\users\tron2\documents\github\controles-c---clr--winforms\project1\proyecto_ejemplo_login_cpp_mysql\x64\debug\.netframework,version=v4.7.2.assemblyattributes.obj
c:\users\tron2\documents\github\controles-c---clr--winforms\project1\proyecto_ejemplo_login_cpp_mysql\x64\debug\usuario.obj
c:\users\tron2\documents\github\controles-c---clr--winforms\project1\proyecto_ejemplo_login_cpp_mysql\x64\debug\conexionmysql.obj
c:\users\tron2\documents\github\controles-c---clr--winforms\project1\x64\debug\mysql.data.dll
c:\users\tron2\documents\github\controles-c---clr--winforms\project1\x64\debug\system.memory.dll
c:\users\tron2\documents\github\controles-c---clr--winforms\project1\x64\debug\system.threading.tasks.extensions.dll
c:\users\tron2\documents\github\controles-c---clr--winforms\project1\x64\debug\system.numerics.vectors.dll
c:\users\tron2\documents\github\controles-c---clr--winforms\project1\x64\debug\system.buffers.dll
c:\users\tron2\documents\github\controles-c---clr--winforms\project1\x64\debug\proyecto_ejemplo_login_cpp_mysql.exe
c:\users\tron2\documents\github\controles-c---clr--winforms\project1\proyecto_ejemplo_login_cpp_mysql\x64\debug\proyecto_ejemplo_login_cpp_mysql.vcxproj.assemblyreference.cache
c:\users\tron2\documents\github\controles-c---clr--winforms\project1\proyecto_ejemplo_login_cpp_mysql\x64\debug\proyecto_ejemplo_login_cpp_mysql.vcxproj.generateresource.cache
c:\users\tron2\documents\github\controles-c---clr--winforms\project1\proyecto_ejemplo_login_cpp_mysql\x64\debug\proyectoejemplologincppmysql.login.resources
c:\users\tron2\documents\github\controles-c---clr--winforms\project1\x64\debug\proyecto_ejemplo_login_cpp_mysql.pdb
c:\users\tron2\documents\github\controles-c---clr--winforms\project1\proyecto_ejemplo_login_cpp_mysql\x64\debug\proyecto.ed9736a8.tlog\cl.command.1.tlog
c:\users\tron2\documents\github\controles-c---clr--winforms\project1\proyecto_ejemplo_login_cpp_mysql\x64\debug\proyecto.ed9736a8.tlog\cl.read.1.tlog
c:\users\tron2\documents\github\controles-c---clr--winforms\project1\proyecto_ejemplo_login_cpp_mysql\x64\debug\proyecto.ed9736a8.tlog\cl.write.1.tlog
c:\users\tron2\documents\github\controles-c---clr--winforms\project1\proyecto_ejemplo_login_cpp_mysql\x64\debug\proyecto.ed9736a8.tlog\copylocal.read.1u.tlog
c:\users\tron2\documents\github\controles-c---clr--winforms\project1\proyecto_ejemplo_login_cpp_mysql\x64\debug\proyecto.ed9736a8.tlog\copylocal.write.1u.tlog
c:\users\tron2\documents\github\controles-c---clr--winforms\project1\proyecto_ejemplo_login_cpp_mysql\x64\debug\proyecto.ed9736a8.tlog\link.20636.read.1.tlog
c:\users\tron2\documents\github\controles-c---clr--winforms\project1\proyecto_ejemplo_login_cpp_mysql\x64\debug\proyecto.ed9736a8.tlog\link.20636.read.2.tlog
c:\users\tron2\documents\github\controles-c---clr--winforms\project1\proyecto_ejemplo_login_cpp_mysql\x64\debug\proyecto.ed9736a8.tlog\link.20636.read.3.tlog
c:\users\tron2\documents\github\controles-c---clr--winforms\project1\proyecto_ejemplo_login_cpp_mysql\x64\debug\proyecto.ed9736a8.tlog\link.20636.read.4.tlog
c:\users\tron2\documents\github\controles-c---clr--winforms\project1\proyecto_ejemplo_login_cpp_mysql\x64\debug\proyecto.ed9736a8.tlog\link.20636.write.1.tlog
c:\users\tron2\documents\github\controles-c---clr--winforms\project1\proyecto_ejemplo_login_cpp_mysql\x64\debug\proyecto.ed9736a8.tlog\link.26912.read.1.tlog
c:\users\tron2\documents\github\controles-c---clr--winforms\project1\proyecto_ejemplo_login_cpp_mysql\x64\debug\proyecto.ed9736a8.tlog\link.26912.read.2.tlog
c:\users\tron2\documents\github\controles-c---clr--winforms\project1\proyecto_ejemplo_login_cpp_mysql\x64\debug\proyecto.ed9736a8.tlog\link.26912.read.3.tlog
c:\users\tron2\documents\github\controles-c---clr--winforms\project1\proyecto_ejemplo_login_cpp_mysql\x64\debug\proyecto.ed9736a8.tlog\link.26912.read.4.tlog
c:\users\tron2\documents\github\controles-c---clr--winforms\project1\proyecto_ejemplo_login_cpp_mysql\x64\debug\proyecto.ed9736a8.tlog\link.26912.write.1.tlog
c:\users\tron2\documents\github\controles-c---clr--winforms\project1\proyecto_ejemplo_login_cpp_mysql\x64\debug\proyecto.ed9736a8.tlog\link.command.1.tlog
c:\users\tron2\documents\github\controles-c---clr--winforms\project1\proyecto_ejemplo_login_cpp_mysql\x64\debug\proyecto.ed9736a8.tlog\link.read.1.tlog
c:\users\tron2\documents\github\controles-c---clr--winforms\project1\proyecto_ejemplo_login_cpp_mysql\x64\debug\proyecto.ed9736a8.tlog\link.read.2.tlog
c:\users\tron2\documents\github\controles-c---clr--winforms\project1\proyecto_ejemplo_login_cpp_mysql\x64\debug\proyecto.ed9736a8.tlog\link.read.3.tlog
c:\users\tron2\documents\github\controles-c---clr--winforms\project1\proyecto_ejemplo_login_cpp_mysql\x64\debug\proyecto.ed9736a8.tlog\link.read.4.tlog
c:\users\tron2\documents\github\controles-c---clr--winforms\project1\proyecto_ejemplo_login_cpp_mysql\x64\debug\proyecto.ed9736a8.tlog\link.write.1.tlog
c:\users\tron2\documents\github\controles-c---clr--winforms\project1\proyecto_ejemplo_login_cpp_mysql\x64\debug\proyecto.ed9736a8.tlog\metagen.read.1.tlog
c:\users\tron2\documents\github\controles-c---clr--winforms\project1\proyecto_ejemplo_login_cpp_mysql\x64\debug\proyecto.ed9736a8.tlog\metagen.write.1.tlog
c:\users\tron2\documents\github\controles-c---clr--winforms\project1\proyecto_ejemplo_login_cpp_mysql\x64\debug\proyecto.ed9736a8.tlog\resgen.command.1.tlog
c:\users\tron2\documents\github\controles-c---clr--winforms\project1\proyecto_ejemplo_login_cpp_mysql\x64\debug\proyecto.ed9736a8.tlog\resgen.read.1.tlog
c:\users\tron2\documents\github\controles-c---clr--winforms\project1\proyecto_ejemplo_login_cpp_mysql\x64\debug\proyecto.ed9736a8.tlog\resgen.write.1.tlog
