c:\users\tron2\source\repos\project1\project1\x64\debug\vc143.pdb
c:\users\tron2\source\repos\project1\project1\x64\debug\.netframework,version=v4.7.2.assemblyattributes.obj
c:\users\tron2\source\repos\project1\project1\x64\debug\myform.obj
c:\users\tron2\source\repos\project1\project1\x64\debug\myform2.obj
c:\users\tron2\source\repos\project1\x64\debug\project1.exe
c:\users\tron2\source\repos\project1\x64\debug\project1.pdb
c:\users\tron2\source\repos\project1\project1\x64\debug\project1.myform2.resources
c:\users\tron2\source\repos\project1\project1\x64\debug\project1.tlog\cl.command.1.tlog
c:\users\tron2\source\repos\project1\project1\x64\debug\project1.tlog\cl.items.tlog
c:\users\tron2\source\repos\project1\project1\x64\debug\project1.tlog\cl.read.1.tlog
c:\users\tron2\source\repos\project1\project1\x64\debug\project1.tlog\cl.write.1.tlog
c:\users\tron2\source\repos\project1\project1\x64\debug\project1.tlog\link.20272-cvtres.read.1.tlog
c:\users\tron2\source\repos\project1\project1\x64\debug\project1.tlog\link.20272-cvtres.write.1.tlog
c:\users\tron2\source\repos\project1\project1\x64\debug\project1.tlog\link.20272-rc.read.1.tlog
c:\users\tron2\source\repos\project1\project1\x64\debug\project1.tlog\link.20272-rc.write.1.tlog
c:\users\tron2\source\repos\project1\project1\x64\debug\project1.tlog\link.20272.read.1.tlog
c:\users\tron2\source\repos\project1\project1\x64\debug\project1.tlog\link.20272.read.2.tlog
c:\users\tron2\source\repos\project1\project1\x64\debug\project1.tlog\link.20272.read.3.tlog
c:\users\tron2\source\repos\project1\project1\x64\debug\project1.tlog\link.20272.read.4.tlog
c:\users\tron2\source\repos\project1\project1\x64\debug\project1.tlog\link.20272.write.1.tlog
c:\users\tron2\source\repos\project1\project1\x64\debug\project1.tlog\link.28512-cvtres.read.1.tlog
c:\users\tron2\source\repos\project1\project1\x64\debug\project1.tlog\link.28512-cvtres.write.1.tlog
c:\users\tron2\source\repos\project1\project1\x64\debug\project1.tlog\link.28512-rc.read.1.tlog
c:\users\tron2\source\repos\project1\project1\x64\debug\project1.tlog\link.28512-rc.write.1.tlog
c:\users\tron2\source\repos\project1\project1\x64\debug\project1.tlog\link.28512.read.1.tlog
c:\users\tron2\source\repos\project1\project1\x64\debug\project1.tlog\link.28512.read.2.tlog
c:\users\tron2\source\repos\project1\project1\x64\debug\project1.tlog\link.28512.read.3.tlog
c:\users\tron2\source\repos\project1\project1\x64\debug\project1.tlog\link.28512.read.5.tlog
c:\users\tron2\source\repos\project1\project1\x64\debug\project1.tlog\link.28512.write.1.tlog
c:\users\tron2\source\repos\project1\project1\x64\debug\project1.tlog\link.command.1.tlog
c:\users\tron2\source\repos\project1\project1\x64\debug\project1.tlog\link.read.1.tlog
c:\users\tron2\source\repos\project1\project1\x64\debug\project1.tlog\link.read.2.tlog
c:\users\tron2\source\repos\project1\project1\x64\debug\project1.tlog\link.read.3.tlog
c:\users\tron2\source\repos\project1\project1\x64\debug\project1.tlog\link.read.4.tlog
c:\users\tron2\source\repos\project1\project1\x64\debug\project1.tlog\link.secondary.1.tlog
c:\users\tron2\source\repos\project1\project1\x64\debug\project1.tlog\link.write.1.tlog
c:\users\tron2\source\repos\project1\project1\x64\debug\project1.tlog\metagen.read.1.tlog
c:\users\tron2\source\repos\project1\project1\x64\debug\project1.tlog\metagen.write.1.tlog
c:\users\tron2\source\repos\project1\project1\x64\debug\project1.tlog\resgen.command.1.tlog
c:\users\tron2\source\repos\project1\project1\x64\debug\project1.tlog\resgen.read.1.tlog
c:\users\tron2\source\repos\project1\project1\x64\debug\project1.tlog\resgen.write.1.tlog
